{
  "stats": {
    "suites": 2,
    "tests": 4,
    "passes": 4,
    "pending": 0,
    "failures": 0,
    "start": "2019-08-21T06:34:31.196Z",
    "end": "2019-08-21T06:34:31.211Z",
    "duration": 15,
    "testsRegistered": 4,
    "passPercent": 100,
    "pendingPercent": 0,
    "other": 0,
    "hasOther": false,
    "skipped": 0,
    "hasSkipped": false
  },
  "results": [
    {
      "uuid": "0945fdb1-0ab4-4aaf-b640-ddc88a7275df",
      "title": "",
      "fullFile": "",
      "file": "",
      "beforeHooks": [],
      "afterHooks": [],
      "tests": [],
      "suites": [
        {
          "uuid": "9af51aee-fb33-4027-8197-aff250e7ec67",
          "title": "#hello.js",
          "fullFile": "d:\\Code\\Github\\Learn\\ts-demo\\test\\demo.test.js",
          "file": "\\test\\demo.test.js",
          "beforeHooks": [],
          "afterHooks": [],
          "tests": [],
          "suites": [
            {
              "uuid": "71386992-76cc-4f73-95aa-dbc2ee2c4300",
              "title": "#sum()",
              "fullFile": "d:\\Code\\Github\\Learn\\ts-demo\\test\\demo.test.js",
              "file": "\\test\\demo.test.js",
              "beforeHooks": [],
              "afterHooks": [],
              "tests": [
                {
                  "title": "sum() should return 0",
                  "fullTitle": "#hello.js #sum() sum() should return 0",
                  "timedOut": false,
                  "duration": 1,
                  "state": "passed",
                  "speed": "fast",
                  "pass": true,
                  "fail": false,
                  "pending": false,
                  "context": null,
                  "code": "assert.strictEqual(sum(), 0);",
                  "err": {},
                  "uuid": "2bc9eceb-c112-415d-ac77-29682e6edadf",
                  "parentUUID": "71386992-76cc-4f73-95aa-dbc2ee2c4300",
                  "isHook": false,
                  "skipped": false
                },
                {
                  "title": "sum(1) should return 1",
                  "fullTitle": "#hello.js #sum() sum(1) should return 1",
                  "timedOut": false,
                  "duration": 0,
                  "state": "passed",
                  "speed": "fast",
                  "pass": true,
                  "fail": false,
                  "pending": false,
                  "context": null,
                  "code": "assert.strictEqual(sum(1), 1);",
                  "err": {},
                  "uuid": "e95f8aaa-a91c-4ffe-8f4a-4d8b85b77027",
                  "parentUUID": "71386992-76cc-4f73-95aa-dbc2ee2c4300",
                  "isHook": false,
                  "skipped": false
                },
                {
                  "title": "sum(1, 2) should return 3",
                  "fullTitle": "#hello.js #sum() sum(1, 2) should return 3",
                  "timedOut": false,
                  "duration": 0,
                  "state": "passed",
                  "speed": "fast",
                  "pass": true,
                  "fail": false,
                  "pending": false,
                  "context": null,
                  "code": "assert.strictEqual(sum(1, 2), 3);",
                  "err": {},
                  "uuid": "43610592-22e0-4354-8191-08b5d0933085",
                  "parentUUID": "71386992-76cc-4f73-95aa-dbc2ee2c4300",
                  "isHook": false,
                  "skipped": false
                },
                {
                  "title": "sum(1, 2, 3) should return 6",
                  "fullTitle": "#hello.js #sum() sum(1, 2, 3) should return 6",
                  "timedOut": false,
                  "duration": 0,
                  "state": "passed",
                  "speed": "fast",
                  "pass": true,
                  "fail": false,
                  "pending": false,
                  "context": null,
                  "code": "assert.strictEqual(sum(1, 2, 3), 6);",
                  "err": {},
                  "uuid": "6e9614c9-5103-475a-97ec-766ee07762b8",
                  "parentUUID": "71386992-76cc-4f73-95aa-dbc2ee2c4300",
                  "isHook": false,
                  "skipped": false
                }
              ],
              "suites": [],
              "passes": [
                "2bc9eceb-c112-415d-ac77-29682e6edadf",
                "e95f8aaa-a91c-4ffe-8f4a-4d8b85b77027",
                "43610592-22e0-4354-8191-08b5d0933085",
                "6e9614c9-5103-475a-97ec-766ee07762b8"
              ],
              "failures": [],
              "pending": [],
              "skipped": [],
              "duration": 1,
              "root": false,
              "rootEmpty": false,
              "_timeout": 2000
            }
          ],
          "passes": [],
          "failures": [],
          "pending": [],
          "skipped": [],
          "duration": 0,
          "root": false,
          "rootEmpty": false,
          "_timeout": 2000
        }
      ],
      "passes": [],
      "failures": [],
      "pending": [],
      "skipped": [],
      "duration": 0,
      "root": true,
      "rootEmpty": true,
      "_timeout": 2000
    }
  ],
  "meta": {
    "mocha": {
      "version": "6.2.0"
    },
    "mochawesome": {
      "options": {
        "quiet": false,
        "reportFilename": "mochawesome",
        "saveHtml": true,
        "saveJson": true,
        "consoleReporter": "spec",
        "useInlineDiffs": false
      },
      "version": "4.1.0"
    },
    "marge": {
      "options": null,
      "version": "4.0.1"
    }
  }
}